Started by user [8mha:////4HSKTYekCqJtgUzvE/X25d7VYiaybRQPqPlqTWr6Yj8mAAAAmR+LCAAAAAAAAP9b85aBtbiIQTGjNKU4P08vOT+vOD8nVc83PyU1x6OyILUoJzMv2y+/JJUBAhiZGBgqihhk0NSjKDWzXb3RdlLBUSYGJk8GtpzUvPSSDB8G5tKinBIGIZ+sxLJE/ZzEvHT94JKizLx0a6BxUmjGOUNodHsLgAz+EgZe/dLi1CL9xOKMzOKMPAD2nB5TwgAAAA==[0mAshish Nanotkar
Building in workspace /var/lib/jenkins/workspace/services/todo-app-oracle
 > git rev-parse --is-inside-work-tree # timeout=10
Fetching changes from the remote Git repository
 > git config remote.origin.url git@github.com:yashsolutions/todo-app-oracle.git # timeout=10
Fetching upstream changes from git@github.com:yashsolutions/todo-app-oracle.git
 > git --version # timeout=10
 > git fetch --tags --progress git@github.com:yashsolutions/todo-app-oracle.git +refs/heads/*:refs/remotes/origin/*
 > git rev-parse refs/remotes/origin/master^{commit} # timeout=10
 > git rev-parse refs/remotes/origin/origin/master^{commit} # timeout=10
Checking out Revision 145df8da760c882fee8183fbcd5c01d22b5a2186 (refs/remotes/origin/master)
Commit message: "enabled env specific configs"
 > git config core.sparsecheckout # timeout=10
 > git checkout -f 145df8da760c882fee8183fbcd5c01d22b5a2186
 > git rev-list 145df8da760c882fee8183fbcd5c01d22b5a2186 # timeout=10
[todo-app-oracle] $ /bin/sh -xe /tmp/jenkins7398542509754105630.sh
+ echo service BUILD
service BUILD
+ echo service UNIT TEST
service UNIT TEST
+ echo service PACKAGE
service PACKAGE
+ aws ecr get-login --region us-east-2
+ docker login -u AWS -p eyJwYXlsb2FkIjoiQVlMOGQ1Q3hrUUtCSGlnenBFaEhTMy9BWURma3FiK0EyVUdwSEVOakNFVlQzL3RyZnJrVERuODRBcVhGMGtjNmN2VHQxbHIwN21kRXJ3QmZ6N3RibmQrL1lpS1d2Y3VnMGgxdC9KYTk3cGlObm1jVS9ocHJWQ1h0bC9PbWdRVFk2enN3bXVpdVhpdXlEd0JFa1pZUFAzTzZzUnZXWkk1K1NpU21pT0U1d01ndGQ2K1hQSUdEdjhBQkNQU2xSb3JxeldqVVd0bWlwT3YzeTdpNmsxYmwrSlpna0xTTWNJSTQ3M1liRU9QdExrQ1pEclNsMEdrTWNJZVdqUlFwTElncDJyazlIdDFhZDVnUmJ6NmxKY0Q0MCtOOHNaNFJVYlZpYytDU25iMis1RjBaN0JxMkJEWGt6WUl5QkIvUFdON3k1aThyZmpsNm1xSXJaR3dtOTdoK0JpV0ZMQVdQR1M5TCtaQkloRUxOL2NFQ1kwTVpxL3JPVi9NRTdmYzhPdy9RZTRlVVdiS1BaUTFqcjRlaTdKOUhhY1dwYTNjcDlBeEJmUUs1NCtJd29JRW1oNVNLcHNZRVJwSnEwc1ZoanhmVUhxM1oxNGt0cjJvU3dSVitZTDcxQWxrQmhlbmRFZ2pyN0dxT0NPOFhpUzhpTDE0RC9HaVNySFVBejBGdUNHekhwc21aRzhLQmxVNmxMUVlaNnJyRUJxY0x2OTNVQlFKdlJ3SWlUOStaK1NUT1MwSit5WFp6WGUyNy9samhYRTR5eWpsVTI4cUk5TWpuTWljdE5aMG5GUzJoSyttSE91UjhQLzZIVTNZdXM5dlljSmRmVUNIMDJRL1RBUkJGeUFYZ25jU1g1bHlYQkg1NWZuNFkxS0pSY0E4WExVcFZTZEJ0S1lBY25uZUxYdXBVWnNTeDFHaXVUMnZSS2UzcWNGcVNaWmVISFdBSG92N29CbEk5Y3hIVitEejZzT2h1ZjhkREt2S3BKdnliUisrODNGdjlPMUppQllYODAyc3ZaNHhsNXd0N3JaSUc1WStmUEEzZDZOTUJKNmRDdHZPZDVUaUp0cUY1aDlpbldrUEpTc2xKbDV0Q2p4OEl4cE9kMmVSSVJ6dUZBRjI3Y3dTNUVjNjN2TnpxalgxVGJCVG1RQnNBWmQ4ZUZvMGQ1amNHMndCMnR4VVEwYjR2cjBVME5PdU9oNC82ek5JeVY5aERtNlFsRm5OYytMNDlQQW1NSTg2N2xkeXM2YzNDRFUxK1BuMHI1RFBRZHhuSmlZMmtiWkltc2NuTE9lSi9rTzNjcUU3REI2aEZXYVdRSm1aYTVOM1Uwb1NlNXFmdWZCSGlwOEw2eFFRWXVLK2duOWxnR0ZIYk9jS2gwQmNvcEJGY2VzaWN6c0gyUnpyeklUM1RUK2x0TjdobDhHdnRZUG9YdVlXdFdpL3lqb3Y0eUlCcUNJTlk4MkNNWWM0bWRqVXciLCJkYXRha2V5IjoiQVFFQkFIakI3L2lnd01nNE5Qd2F1cnhTSVl4NEhmbnh1R2MvNDhiRHd2d0RwTllXWmdBQUFINHdmQVlKS29aSWh2Y05BUWNHb0c4d2JRSUJBREJvQmdrcWhraUc5dzBCQndFd0hnWUpZSVpJQVdVREJBRXVNQkVFRE1ncElWSFRSanpTME5rOGtBSUJFSUE3MHpoMGdQY0NqYUQ2NE0vaWg5ckpWaHFvUFNxbnBtSFBVN0ZUUUgvb3VwT1d5bnZYcjRGdnF5M09CSjNIbXc2YkNmek9RM09CblUzR0ttOD0iLCJ2ZXJzaW9uIjoiMSIsInR5cGUiOiJEQVRBX0tFWSJ9 -e none https://364238614392.dkr.ecr.us-east-2.amazonaws.com
Flag --email has been deprecated, will be removed in 17.06.
Login Succeeded
+ docker build -t services/todo-app-oracle .
Sending build context to Docker daemon  158.7kB
Step 1/6 : FROM collinestes/docker-node-oracle
 ---> 4f60bcfbde39
Step 2/6 : ADD ./ /app
 ---> Using cache
 ---> e12f9a792208
Step 3/6 : WORKDIR /app
 ---> Using cache
 ---> e5a351497858
Step 4/6 : RUN npm install async oracledb --save
 ---> Using cache
 ---> e68e37f12d10
Step 5/6 : EXPOSE 7000
 ---> Using cache
 ---> 7f7fda0323c8
Step 6/6 : CMD node webapp.js
 ---> Using cache
 ---> 054ea6fbcdfb
Successfully built 054ea6fbcdfb
Successfully tagged services/todo-app-oracle:latest
+ docker tag services/todo-app-oracle:latest 364238614392.dkr.ecr.us-east-2.amazonaws.com/services/todo-app-oracle:145df8da760c882fee8183fbcd5c01d22b5a2186
+ docker push 364238614392.dkr.ecr.us-east-2.amazonaws.com/services/todo-app-oracle:145df8da760c882fee8183fbcd5c01d22b5a2186
The push refers to a repository [364238614392.dkr.ecr.us-east-2.amazonaws.com/services/todo-app-oracle]
611f8923f98d: Preparing
ac7224dfeafa: Preparing
69525a94c3cb: Preparing
75fa63451eba: Preparing
183d2a837e00: Preparing
1c08a0143f10: Preparing
5a930102ee49: Preparing
765e7b2efe23: Preparing
5f2f91b41de9: Preparing
ec0200a19d76: Preparing
338cb8e0e9ed: Preparing
d1c800db26c7: Preparing
42755cf4ee95: Preparing
1c08a0143f10: Waiting
5a930102ee49: Waiting
765e7b2efe23: Waiting
5f2f91b41de9: Waiting
ec0200a19d76: Waiting
338cb8e0e9ed: Waiting
d1c800db26c7: Waiting
42755cf4ee95: Waiting
ac7224dfeafa: Pushed
69525a94c3cb: Pushed
1c08a0143f10: Pushed
611f8923f98d: Pushed
5f2f91b41de9: Pushed
5a930102ee49: Pushed
183d2a837e00: Pushed
765e7b2efe23: Pushed
75fa63451eba: Pushed
d1c800db26c7: Pushed
42755cf4ee95: Pushed
338cb8e0e9ed: Pushed
ec0200a19d76: Pushed
145df8da760c882fee8183fbcd5c01d22b5a2186: digest: sha256:a2c9c63350ad07223f8c18269922a7670ded461c95f411c9734a226f732c9b87 size: 3059
+ echo service DEPLOY TO DEV
service DEPLOY TO DEV
Waiting for the completion of [8mha:////4FlhJIAUJyKMopR8NpmKnqfZuTcjajzVI3cyhrbcpk8SAAAAoR+LCAAAAAAAAP9b85aBtbiIQSajNKU4P08vOT+vOD8nVc+jsiC1KCczL9svvyTVzHb1RttJBUeZGJg8GdhyUvPSSzJ8GJhLi3JKGIR8shLLEvVzEvPS9YNLijLz0q0rihik0IxzhtAgwxgggJGJgaGiAMiQKWFQ0c/KT9JPzs/Nzc8DM1NScwoyMit0i1LTilKLM3TLUpL0AYkKf56pAAAA[0mcommon Â» delphix-refresh-vdb
[8mha:////4CgbydtOjxoc1XO1sDJZRgl2ajItQn7CYJvYnw0EPI9NAAAAox+LCAAAAAAAAP9b85aBtbiIQSajNKU4P08vOT+vOD8nVc+jsiC1KCczL9svvyTVzHb1RttJBUeZGJg8GdhyUvPSSzJ8GJhLi3JKGIR8shLLEvVzEvPS9YNLijLz0q0rihik0IxzhtAgwxgggJGJgaGiAMhQKmFQ08/KT9JPzs/Nzc8DM1NScwoyMit0i1LTilKLM3TLUpL0DfUBxvJl96sAAAA=[0mcommon Â» delphix-refresh-vdb devdb completed. Result was FAILURE
Build step 'Trigger/call builds on other projects' marked build as failure
Finished: FAILURE
